<?xml version="1.0" encoding="utf-8"?><testsuites><testsuite name="pytest" errors="0" failures="0" skipped="0" tests="3" time="90.123" timestamp="2025-01-06T17:26:32.615470+05:30" hostname="DESKTOP-HCKMO71"><testcase classname="test_e2e.TestFirstProgramWithPytestAndSelenium" name="test_e2e" time="78.310" /><testcase classname="test_homePage.TestHomePageEntries" name="test_homeData[getData0]" time="6.732" /><testcase classname="test_homePage.TestHomePageEntries" name="test_homeData[getData1]" time="5.010" /></testsuite></testsuites>